# JRE version: Java(TM) SE Runtime Environment (8.0_121-b13) (build 1.8.0_121-b13)
# Java VM: Java HotSpot(TM) 64-Bit Server VM (25.121-b13 mixed mode linux-amd64 compressed oops)
Heap:
 PSYoungGen      total 909312K, used 7672K [0x000000076cc00000, 0x00000007c0000000, 0x00000007c0000000)
  eden space 454656K, 0% used [0x000000076cc00000,0x000000076cc00000,0x0000000788800000)
  from space 454656K, 1% used [0x00000007a4400000,0x00000007a4b7e200,0x00000007c0000000)
  to   space 454656K, 0% used [0x0000000788800000,0x0000000788800000,0x00000007a4400000)
 ParOldGen       total 1171456K, used 1170986K [0x00000006c6400000, 0x000000070dc00000, 0x000000076cc00000)
  object space 1171456K, 99% used [0x00000006c6400000,0x000000070db8a820,0x000000070dc00000)
 Metaspace       used 3196K, capacity 4498K, committed 4864K, reserved 1056768K
  class space    used 353K, capacity 386K, committed 512K, reserved 1048576K
GC Heap History (10 events):
Event: 45.085 GC heap after
Heap after GC invocations=10 (full 3):
 PSYoungGen      total 498688K, used 238080K [0x000000076cc00000, 0x00000007b3b00000, 0x00000007c0000000)
  eden space 260608K, 0% used [0x000000076cc00000,0x000000076cc00000,0x000000077ca80000)
  from space 238080K, 100% used [0x000000077ca80000,0x000000078b300000,0x000000078b300000)
  to   space 391680K, 0% used [0x000000079bc80000,0x000000079bc80000,0x00000007b3b00000)
 ParOldGen       total 765952K, used 608265K [0x00000006c6400000, 0x00000006f5000000, 0x000000076cc00000)
  object space 765952K, 79% used [0x00000006c6400000,0x00000006eb602408,0x00000006f5000000)
 Metaspace       used 3196K, capacity 4498K, committed 4864K, reserved 1056768K
  class space    used 353K, capacity 386K, committed 512K, reserved 1048576K
}
Event: 45.085 GC heap before
{Heap before GC invocations=11 (full 4):
 PSYoungGen      total 498688K, used 238080K [0x000000076cc00000, 0x00000007b3b00000, 0x00000007c0000000)
  eden space 260608K, 0% used [0x000000076cc00000,0x000000076cc00000,0x000000077ca80000)
  from space 238080K, 100% used [0x000000077ca80000,0x000000078b300000,0x000000078b300000)
  to   space 391680K, 0% used [0x000000079bc80000,0x000000079bc80000,0x00000007b3b00000)
 ParOldGen       total 765952K, used 608265K [0x00000006c6400000, 0x00000006f5000000, 0x000000076cc00000)
  object space 765952K, 79% used [0x00000006c6400000,0x00000006eb602408,0x00000006f5000000)
 Metaspace       used 3196K, capacity 4498K, committed 4864K, reserved 1056768K
  class space    used 353K, capacity 386K, committed 512K, reserved 1048576K
Event: 64.490 GC heap after
Heap after GC invocations=11 (full 4):
 PSYoungGen      total 498688K, used 0K [0x000000076cc00000, 0x00000007b3b00000, 0x00000007c0000000)
  eden space 260608K, 0% used [0x000000076cc00000,0x000000076cc00000,0x000000077ca80000)
  from space 238080K, 0% used [0x000000077ca80000,0x000000077ca80000,0x000000078b300000)
  to   space 391680K, 0% used [0x000000079bc80000,0x000000079bc80000,0x00000007b3b00000)
 ParOldGen       total 1150464K, used 638778K [0x00000006c6400000, 0x000000070c780000, 0x000000076cc00000)
  object space 1150464K, 55% used [0x00000006c6400000,0x00000006ed3cea98,0x000000070c780000)
 Metaspace       used 3196K, capacity 4498K, committed 4864K, reserved 1056768K
  class space    used 353K, capacity 386K, committed 512K, reserved 1048576K
}
Event: 68.862 GC heap before
{Heap before GC invocations=12 (full 4):
 PSYoungGen      total 498688K, used 260608K [0x000000076cc00000, 0x00000007b3b00000, 0x00000007c0000000)
  eden space 260608K, 100% used [0x000000076cc00000,0x000000077ca80000,0x000000077ca80000)
  from space 238080K, 0% used [0x000000077ca80000,0x000000077ca80000,0x000000078b300000)
  to   space 391680K, 0% used [0x000000079bc80000,0x000000079bc80000,0x00000007b3b00000)
 ParOldGen       total 1150464K, used 638778K [0x00000006c6400000, 0x000000070c780000, 0x000000076cc00000)
  object space 1150464K, 55% used [0x00000006c6400000,0x00000006ed3cea98,0x000000070c780000)
 Metaspace       used 3196K, capacity 4498K, committed 4864K, reserved 1056768K
  class space    used 353K, capacity 386K, committed 512K, reserved 1048576K
Event: 71.634 GC heap after
Heap after GC invocations=12 (full 4):
 PSYoungGen      total 753664K, used 260960K [0x000000076cc00000, 0x00000007b4280000, 0x00000007c0000000)
  eden space 361984K, 0% used [0x000000076cc00000,0x000000076cc00000,0x0000000782d80000)
  from space 391680K, 66% used [0x000000079bc80000,0x00000007abb58000,0x00000007b3b00000)
  to   space 403968K, 0% used [0x0000000782d80000,0x0000000782d80000,0x000000079b800000)
 ParOldGen       total 1150464K, used 638778K [0x00000006c6400000, 0x000000070c780000, 0x000000076cc00000)
  object space 1150464K, 55% used [0x00000006c6400000,0x00000006ed3cea98,0x000000070c780000)
 Metaspace       used 3196K, capacity 4498K, committed 4864K, reserved 1056768K
  class space    used 353K, capacity 386K, committed 512K, reserved 1048576K
}
Event: 75.644 GC heap before
{Heap before GC invocations=13 (full 4):
 PSYoungGen      total 753664K, used 622944K [0x000000076cc00000, 0x00000007b4280000, 0x00000007c0000000)
  eden space 361984K, 100% used [0x000000076cc00000,0x0000000782d80000,0x0000000782d80000)
  from space 391680K, 66% used [0x000000079bc80000,0x00000007abb58000,0x00000007b3b00000)
  to   space 403968K, 0% used [0x0000000782d80000,0x0000000782d80000,0x000000079b800000)
 ParOldGen       total 1150464K, used 638778K [0x00000006c6400000, 0x000000070c780000, 0x000000076cc00000)
  object space 1150464K, 55% used [0x00000006c6400000,0x00000006ed3cea98,0x000000070c780000)
 Metaspace       used 3196K, capacity 4498K, committed 4864K, reserved 1056768K
  class space    used 353K, capacity 386K, committed 512K, reserved 1048576K
Event: 81.240 GC heap after
Heap after GC invocations=13 (full 4):
 PSYoungGen      total 765952K, used 403968K [0x000000076cc00000, 0x00000007c0000000, 0x00000007c0000000)
  eden space 361984K, 0% used [0x000000076cc00000,0x000000076cc00000,0x0000000782d80000)
  from space 403968K, 100% used [0x0000000782d80000,0x000000079b800000,0x000000079b800000)
  to   space 454656K, 0% used [0x00000007a4400000,0x00000007a4400000,0x00000007c0000000)
 ParOldGen       total 1150464K, used 858666K [0x00000006c6400000, 0x000000070c780000, 0x000000076cc00000)
  object space 1150464K, 74% used [0x00000006c6400000,0x00000006faa8aa98,0x000000070c780000)
 Metaspace       used 3196K, capacity 4498K, committed 4864K, reserved 1056768K
  class space    used 353K, capacity 386K, committed 512K, reserved 1048576K
}
Event: 85.597 GC heap before
{Heap before GC invocations=14 (full 4):
 PSYoungGen      total 765952K, used 765952K [0x000000076cc00000, 0x00000007c0000000, 0x00000007c0000000)
  eden space 361984K, 100% used [0x000000076cc00000,0x0000000782d80000,0x0000000782d80000)
  from space 403968K, 100% used [0x0000000782d80000,0x000000079b800000,0x000000079b800000)
  to   space 454656K, 0% used [0x00000007a4400000,0x00000007a4400000,0x00000007c0000000)
 ParOldGen       total 1150464K, used 858666K [0x00000006c6400000, 0x000000070c780000, 0x000000076cc00000)
  object space 1150464K, 74% used [0x00000006c6400000,0x00000006faa8aa98,0x000000070c780000)
 Metaspace       used 3196K, capacity 4498K, committed 4864K, reserved 1056768K
  class space    used 353K, capacity 386K, committed 512K, reserved 1048576K
Event: 92.103 GC heap after
Heap after GC invocations=14 (full 4):
 PSYoungGen      total 909312K, used 454656K [0x000000076cc00000, 0x00000007c0000000, 0x00000007c0000000)
  eden space 454656K, 0% used [0x000000076cc00000,0x000000076cc00000,0x0000000788800000)
  from space 454656K, 100% used [0x00000007a4400000,0x00000007c0000000,0x00000007c0000000)
  to   space 454656K, 0% used [0x0000000788800000,0x0000000788800000,0x00000007a4400000)
 ParOldGen       total 1171456K, used 1171250K [0x00000006c6400000, 0x000000070dc00000, 0x000000076cc00000)
  object space 1171456K, 99% used [0x00000006c6400000,0x000000070dbcca98,0x000000070dc00000)
 Metaspace       used 3196K, capacity 4498K, committed 4864K, reserved 1056768K
  class space    used 353K, capacity 386K, committed 512K, reserved 1048576K
}
Event: 92.103 GC heap before
{Heap before GC invocations=15 (full 5):
 PSYoungGen      total 909312K, used 454656K [0x000000076cc00000, 0x00000007c0000000, 0x00000007c0000000)
  eden space 454656K, 0% used [0x000000076cc00000,0x000000076cc00000,0x0000000788800000)
  from space 454656K, 100% used [0x00000007a4400000,0x00000007c0000000,0x00000007c0000000)
  to   space 454656K, 0% used [0x0000000788800000,0x0000000788800000,0x00000007a4400000)
 ParOldGen       total 1171456K, used 1171250K [0x00000006c6400000, 0x000000070dc00000, 0x000000076cc00000)
  object space 1171456K, 99% used [0x00000006c6400000,0x000000070dbcca98,0x000000070dc00000)
 Metaspace       used 3196K, capacity 4498K, committed 4864K, reserved 1056768K
  class space    used 353K, capacity 386K, committed 512K, reserved 1048576K

