# JRE version: Java(TM) SE Runtime Environment (8.0_121-b13) (build 1.8.0_121-b13)
# Java VM: Java HotSpot(TM) 64-Bit Server VM (25.121-b13 mixed mode linux-amd64 compressed oops)
Heap:
 PSYoungGen      total 470528K, used 219648K [0x000000076cc00000, 0x0000000796e00000, 0x00000007c0000000)
  eden space 250880K, 0% used [0x000000076cc00000,0x000000076cc00000,0x000000077c100000)
  from space 219648K, 100% used [0x0000000789780000,0x0000000796e00000,0x0000000796e00000)
  to   space 10240K, 0% used [0x000000077c800000,0x000000077c800000,0x000000077d200000)
 ParOldGen       total 760320K, used 358513K [0x00000006c6400000, 0x00000006f4a80000, 0x000000076cc00000)
  object space 760320K, 47% used [0x00000006c6400000,0x00000006dc21c658,0x00000006f4a80000)
 Metaspace       used 3194K, capacity 4498K, committed 4864K, reserved 1056768K
  class space    used 353K, capacity 386K, committed 512K, reserved 1048576K
GC Heap History (10 events):
Event: 15.088 GC heap after
Heap after GC invocations=4 (full 1):
 PSYoungGen      total 139264K, used 0K [0x000000076cc00000, 0x000000077dc00000, 0x00000007c0000000)
  eden space 129024K, 0% used [0x000000076cc00000,0x000000076cc00000,0x0000000774a00000)
  from space 10240K, 0% used [0x0000000774a00000,0x0000000774a00000,0x0000000775400000)
  to   space 10240K, 0% used [0x000000077d200000,0x000000077d200000,0x000000077dc00000)
 ParOldGen       total 390144K, used 151214K [0x00000006c6400000, 0x00000006de100000, 0x000000076cc00000)
  object space 390144K, 38% used [0x00000006c6400000,0x00000006cf7abb30,0x00000006de100000)
 Metaspace       used 3194K, capacity 4498K, committed 4864K, reserved 1056768K
  class space    used 353K, capacity 386K, committed 512K, reserved 1048576K
}
Event: 16.760 GC heap before
{Heap before GC invocations=5 (full 1):
 PSYoungGen      total 139264K, used 129024K [0x000000076cc00000, 0x000000077dc00000, 0x00000007c0000000)
  eden space 129024K, 100% used [0x000000076cc00000,0x0000000774a00000,0x0000000774a00000)
  from space 10240K, 0% used [0x0000000774a00000,0x0000000774a00000,0x0000000775400000)
  to   space 10240K, 0% used [0x000000077d200000,0x000000077d200000,0x000000077dc00000)
 ParOldGen       total 390144K, used 151214K [0x00000006c6400000, 0x00000006de100000, 0x000000076cc00000)
  object space 390144K, 38% used [0x00000006c6400000,0x00000006cf7abb30,0x00000006de100000)
 Metaspace       used 3194K, capacity 4498K, committed 4864K, reserved 1056768K
  class space    used 353K, capacity 386K, committed 512K, reserved 1048576K
Event: 18.346 GC heap after
Heap after GC invocations=5 (full 1):
 PSYoungGen      total 198144K, used 10240K [0x000000076cc00000, 0x000000077dc00000, 0x00000007c0000000)
  eden space 187904K, 0% used [0x000000076cc00000,0x000000076cc00000,0x0000000778380000)
  from space 10240K, 100% used [0x000000077d200000,0x000000077dc00000,0x000000077dc00000)
  to   space 10240K, 0% used [0x000000077c800000,0x000000077c800000,0x000000077d200000)
 ParOldGen       total 390144K, used 267894K [0x00000006c6400000, 0x00000006de100000, 0x000000076cc00000)
  object space 390144K, 68% used [0x00000006c6400000,0x00000006d699db30,0x00000006de100000)
 Metaspace       used 3194K, capacity 4498K, committed 4864K, reserved 1056768K
  class space    used 353K, capacity 386K, committed 512K, reserved 1048576K
}
Event: 18.346 GC heap before
{Heap before GC invocations=6 (full 2):
 PSYoungGen      total 198144K, used 10240K [0x000000076cc00000, 0x000000077dc00000, 0x00000007c0000000)
  eden space 187904K, 0% used [0x000000076cc00000,0x000000076cc00000,0x0000000778380000)
  from space 10240K, 100% used [0x000000077d200000,0x000000077dc00000,0x000000077dc00000)
  to   space 10240K, 0% used [0x000000077c800000,0x000000077c800000,0x000000077d200000)
 ParOldGen       total 390144K, used 267894K [0x00000006c6400000, 0x00000006de100000, 0x000000076cc00000)
  object space 390144K, 68% used [0x00000006c6400000,0x00000006d699db30,0x00000006de100000)
 Metaspace       used 3194K, capacity 4498K, committed 4864K, reserved 1056768K
  class space    used 353K, capacity 386K, committed 512K, reserved 1048576K
Event: 28.793 GC heap after
Heap after GC invocations=6 (full 2):
 PSYoungGen      total 198144K, used 0K [0x000000076cc00000, 0x000000077dc00000, 0x00000007c0000000)
  eden space 187904K, 0% used [0x000000076cc00000,0x000000076cc00000,0x0000000778380000)
  from space 10240K, 0% used [0x000000077d200000,0x000000077d200000,0x000000077dc00000)
  to   space 10240K, 0% used [0x000000077c800000,0x000000077c800000,0x000000077d200000)
 ParOldGen       total 541184K, used 222199K [0x00000006c6400000, 0x00000006e7480000, 0x000000076cc00000)
  object space 541184K, 41% used [0x00000006c6400000,0x00000006d3cfdf48,0x00000006e7480000)
 Metaspace       used 3194K, capacity 4498K, committed 4864K, reserved 1056768K
  class space    used 353K, capacity 386K, committed 512K, reserved 1048576K
}
Event: 31.119 GC heap before
{Heap before GC invocations=7 (full 2):
 PSYoungGen      total 198144K, used 187904K [0x000000076cc00000, 0x000000077dc00000, 0x00000007c0000000)
  eden space 187904K, 100% used [0x000000076cc00000,0x0000000778380000,0x0000000778380000)
  from space 10240K, 0% used [0x000000077d200000,0x000000077d200000,0x000000077dc00000)
  to   space 10240K, 0% used [0x000000077c800000,0x000000077c800000,0x000000077d200000)
 ParOldGen       total 541184K, used 222199K [0x00000006c6400000, 0x00000006e7480000, 0x000000076cc00000)
  object space 541184K, 41% used [0x00000006c6400000,0x00000006d3cfdf48,0x00000006e7480000)
 Metaspace       used 3194K, capacity 4498K, committed 4864K, reserved 1056768K
  class space    used 353K, capacity 386K, committed 512K, reserved 1048576K
Event: 33.138 GC heap after
Heap after GC invocations=7 (full 2):
 PSYoungGen      total 261120K, used 10240K [0x000000076cc00000, 0x0000000796e00000, 0x00000007c0000000)
  eden space 250880K, 0% used [0x000000076cc00000,0x000000076cc00000,0x000000077c100000)
  from space 10240K, 100% used [0x000000077c800000,0x000000077d200000,0x000000077d200000)
  to   space 219648K, 0% used [0x0000000789780000,0x0000000789780000,0x0000000796e00000)
 ParOldGen       total 541184K, used 400591K [0x00000006c6400000, 0x00000006e7480000, 0x000000076cc00000)
  object space 541184K, 74% used [0x00000006c6400000,0x00000006deb33f48,0x00000006e7480000)
 Metaspace       used 3194K, capacity 4498K, committed 4864K, reserved 1056768K
  class space    used 353K, capacity 386K, committed 512K, reserved 1048576K
}
Event: 33.138 GC heap before
{Heap before GC invocations=8 (full 3):
 PSYoungGen      total 261120K, used 10240K [0x000000076cc00000, 0x0000000796e00000, 0x00000007c0000000)
  eden space 250880K, 0% used [0x000000076cc00000,0x000000076cc00000,0x000000077c100000)
  from space 10240K, 100% used [0x000000077c800000,0x000000077d200000,0x000000077d200000)
  to   space 219648K, 0% used [0x0000000789780000,0x0000000789780000,0x0000000796e00000)
 ParOldGen       total 541184K, used 400591K [0x00000006c6400000, 0x00000006e7480000, 0x000000076cc00000)
  object space 541184K, 74% used [0x00000006c6400000,0x00000006deb33f48,0x00000006e7480000)
 Metaspace       used 3194K, capacity 4498K, committed 4864K, reserved 1056768K
  class space    used 353K, capacity 386K, committed 512K, reserved 1048576K
Event: 43.404 GC heap after
Heap after GC invocations=8 (full 3):
 PSYoungGen      total 261120K, used 0K [0x000000076cc00000, 0x0000000796e00000, 0x00000007c0000000)
  eden space 250880K, 0% used [0x000000076cc00000,0x000000076cc00000,0x000000077c100000)
  from space 10240K, 0% used [0x000000077c800000,0x000000077c800000,0x000000077d200000)
  to   space 219648K, 0% used [0x0000000789780000,0x0000000789780000,0x0000000796e00000)
 ParOldGen       total 760320K, used 326929K [0x00000006c6400000, 0x00000006f4a80000, 0x000000076cc00000)
  object space 760320K, 42% used [0x00000006c6400000,0x00000006da344658,0x00000006f4a80000)
 Metaspace       used 3194K, capacity 4498K, committed 4864K, reserved 1056768K
  class space    used 353K, capacity 386K, committed 512K, reserved 1048576K
}
Event: 46.575 GC heap before
{Heap before GC invocations=9 (full 3):
 PSYoungGen      total 261120K, used 250880K [0x000000076cc00000, 0x0000000796e00000, 0x00000007c0000000)
  eden space 250880K, 100% used [0x000000076cc00000,0x000000077c100000,0x000000077c100000)
  from space 10240K, 0% used [0x000000077c800000,0x000000077c800000,0x000000077d200000)
  to   space 219648K, 0% used [0x0000000789780000,0x0000000789780000,0x0000000796e00000)
 ParOldGen       total 760320K, used 326929K [0x00000006c6400000, 0x00000006f4a80000, 0x000000076cc00000)
  object space 760320K, 42% used [0x00000006c6400000,0x00000006da344658,0x00000006f4a80000)
 Metaspace       used 3194K, capacity 4498K, committed 4864K, reserved 1056768K
  class space    used 353K, capacity 386K, committed 512K, reserved 1048576K

